2025-03-19 16:02:48 - Starting PayYouPayMeApplication using Java 21.0.6 with PID 10048 (C:\Users\FORMATION\IdeaProjects\PayYouPayMe\target\classes started by FORMATION in C:\Users\FORMATION\IdeaProjects\PayYouPayMe)
2025-03-19 16:02:48 - Running with Spring Boot v3.4.3, Spring v6.2.3
2025-03-19 16:02:48 - No active profile set, falling back to 1 default profile: "default"
2025-03-19 16:02:48 - Devtools property defaults active! Set 'spring.devtools.add-properties' to 'false' to disable
2025-03-19 16:02:49 - For additional web related logging consider setting the 'logging.level.web' property to 'DEBUG'
2025-03-19 16:02:49 - Bootstrapping Spring Data JPA repositories in DEFAULT mode.
2025-03-19 16:02:49 - Finished Spring Data repository scanning in 49 ms. Found 4 JPA repository interfaces.
2025-03-19 16:02:50 - Tomcat initialized with port 8080 (http)
2025-03-19 16:02:50 - Starting service [Tomcat]
2025-03-19 16:02:50 - Starting Servlet engine: [Apache Tomcat/10.1.36]
2025-03-19 16:02:50 - Initializing Spring embedded WebApplicationContext
2025-03-19 16:02:50 - Root WebApplicationContext: initialization completed in 1588 ms
2025-03-19 16:02:50 - HikariPool-1 - Starting...
2025-03-19 16:02:50 - HikariPool-1 - Added connection conn0: url=jdbc:h2:mem:pypmdb user=ROOT
2025-03-19 16:02:50 - HikariPool-1 - Start completed.
2025-03-19 16:02:50 - HHH000204: Processing PersistenceUnitInfo [name: default]
2025-03-19 16:02:51 - HHH000412: Hibernate ORM core version 6.6.8.Final
2025-03-19 16:02:51 - HHH000026: Second-level cache disabled
2025-03-19 16:02:51 - No LoadTimeWeaver setup: ignoring JPA class transformer
2025-03-19 16:02:51 - HHH90000025: H2Dialect does not need to be specified explicitly using 'hibernate.dialect' (remove the property setting and it will be selected by default)
2025-03-19 16:02:51 - HHH10001005: Database info:
	Database JDBC URL [Connecting through datasource 'HikariDataSource (HikariPool-1)']
	Database driver: undefined/unknown
	Database version: 2.3.232
	Autocommit mode: undefined/unknown
	Isolation level: undefined/unknown
	Minimum pool size: undefined/unknown
	Maximum pool size: undefined/unknown
2025-03-19 16:02:52 - HHH000489: No JTA platform available (set 'hibernate.transaction.jta.platform' to enable JTA platform integration)
2025-03-19 16:02:53 - Initialized JPA EntityManagerFactory for persistence unit 'default'
2025-03-19 16:02:53 - spring.jpa.open-in-view is enabled by default. Therefore, database queries may be performed during view rendering. Explicitly configure spring.jpa.open-in-view to disable this warning
2025-03-19 16:02:53 - Global AuthenticationManager configured with UserDetailsService bean with name inMemoryUserDetailsManager
2025-03-19 16:02:53 - Adding welcome page template: index
2025-03-19 16:02:54 - H2 console available at '/h2-console'. Database available at 'jdbc:h2:mem:pypmdb'
2025-03-19 16:02:54 - LiveReload server is running on port 35729
2025-03-19 16:02:54 - Tomcat started on port 8080 (http) with context path '/'
2025-03-19 16:02:54 - Started PayYouPayMeApplication in 6.422 seconds (process running for 7.713)
2025-03-19 16:11:43 - Restarting due to 1 class path change (0 additions, 1 deletion, 0 modifications)
2025-03-19 16:11:43 - Commencing graceful shutdown. Waiting for active requests to complete
2025-03-19 16:11:43 - Graceful shutdown complete
2025-03-19 16:11:43 - Closing JPA EntityManagerFactory for persistence unit 'default'
2025-03-19 16:11:43 - Invocation of destroy method failed on bean with name 'inMemoryDatabaseShutdownExecutor': org.h2.jdbc.JdbcSQLNonTransientConnectionException: La base de données est déjà fermée (pour désactiver la fermeture automatique à l'arrêt de la VM, ajoutez "; DB_CLOSE_ON_EXIT = FALSE" à l'URL db)
Database is already closed (to disable automatic closing at VM shutdown, add ";DB_CLOSE_ON_EXIT=FALSE" to the db URL) [90121-232]
2025-03-19 16:11:43 - HikariPool-1 - Shutdown initiated...
2025-03-19 16:11:43 - HikariPool-1 - Shutdown completed.
2025-03-19 16:11:43 - Starting PayYouPayMeApplication using Java 21.0.6 with PID 10048 (C:\Users\FORMATION\IdeaProjects\PayYouPayMe\target\classes started by FORMATION in C:\Users\FORMATION\IdeaProjects\PayYouPayMe)
2025-03-19 16:11:43 - Running with Spring Boot v3.4.3, Spring v6.2.3
2025-03-19 16:11:43 - No active profile set, falling back to 1 default profile: "default"
2025-03-19 16:11:44 - Bootstrapping Spring Data JPA repositories in DEFAULT mode.
2025-03-19 16:11:44 - Finished Spring Data repository scanning in 9 ms. Found 4 JPA repository interfaces.
2025-03-19 16:11:44 - Tomcat initialized with port 8080 (http)
2025-03-19 16:11:44 - Starting service [Tomcat]
2025-03-19 16:11:44 - Starting Servlet engine: [Apache Tomcat/10.1.36]
2025-03-19 16:11:44 - Initializing Spring embedded WebApplicationContext
2025-03-19 16:11:44 - Root WebApplicationContext: initialization completed in 279 ms
2025-03-19 16:11:44 - HikariPool-2 - Starting...
2025-03-19 16:11:44 - HikariPool-2 - Added connection conn10: url=jdbc:h2:mem:pypmdb user=ROOT
2025-03-19 16:11:44 - HikariPool-2 - Start completed.
2025-03-19 16:11:44 - HHH000204: Processing PersistenceUnitInfo [name: default]
2025-03-19 16:11:44 - HHH000026: Second-level cache disabled
2025-03-19 16:11:44 - No LoadTimeWeaver setup: ignoring JPA class transformer
2025-03-19 16:11:44 - HHH90000025: H2Dialect does not need to be specified explicitly using 'hibernate.dialect' (remove the property setting and it will be selected by default)
2025-03-19 16:11:44 - HHH10001005: Database info:
	Database JDBC URL [Connecting through datasource 'HikariDataSource (HikariPool-2)']
	Database driver: undefined/unknown
	Database version: 2.3.232
	Autocommit mode: undefined/unknown
	Isolation level: undefined/unknown
	Minimum pool size: undefined/unknown
	Maximum pool size: undefined/unknown
2025-03-19 16:11:44 - HHH000489: No JTA platform available (set 'hibernate.transaction.jta.platform' to enable JTA platform integration)
2025-03-19 16:11:44 - Initialized JPA EntityManagerFactory for persistence unit 'default'
2025-03-19 16:11:44 - spring.jpa.open-in-view is enabled by default. Therefore, database queries may be performed during view rendering. Explicitly configure spring.jpa.open-in-view to disable this warning
2025-03-19 16:11:44 - Global AuthenticationManager configured with UserDetailsService bean with name inMemoryUserDetailsManager
2025-03-19 16:11:44 - Adding welcome page template: index
2025-03-19 16:11:44 - H2 console available at '/h2-console'. Database available at 'jdbc:h2:mem:pypmdb'
2025-03-19 16:11:44 - LiveReload server is running on port 35729
2025-03-19 16:11:44 - Tomcat started on port 8080 (http) with context path '/'
2025-03-19 16:11:44 - Started PayYouPayMeApplication in 0.665 seconds (process running for 537.817)
2025-03-19 16:11:44 - Condition evaluation unchanged
2025-03-19 16:11:46 - Restarting due to 1 class path change (1 addition, 0 deletions, 0 modifications)
2025-03-19 16:11:46 - Commencing graceful shutdown. Waiting for active requests to complete
2025-03-19 16:11:46 - Graceful shutdown complete
2025-03-19 16:11:46 - Closing JPA EntityManagerFactory for persistence unit 'default'
2025-03-19 16:11:46 - Invocation of destroy method failed on bean with name 'inMemoryDatabaseShutdownExecutor': org.h2.jdbc.JdbcSQLNonTransientConnectionException: La base de données est déjà fermée (pour désactiver la fermeture automatique à l'arrêt de la VM, ajoutez "; DB_CLOSE_ON_EXIT = FALSE" à l'URL db)
Database is already closed (to disable automatic closing at VM shutdown, add ";DB_CLOSE_ON_EXIT=FALSE" to the db URL) [90121-232]
2025-03-19 16:11:46 - HikariPool-2 - Shutdown initiated...
2025-03-19 16:11:46 - HikariPool-2 - Shutdown completed.
2025-03-19 16:11:46 - Starting PayYouPayMeApplication using Java 21.0.6 with PID 10048 (C:\Users\FORMATION\IdeaProjects\PayYouPayMe\target\classes started by FORMATION in C:\Users\FORMATION\IdeaProjects\PayYouPayMe)
2025-03-19 16:11:46 - Running with Spring Boot v3.4.3, Spring v6.2.3
2025-03-19 16:11:46 - No active profile set, falling back to 1 default profile: "default"
2025-03-19 16:11:46 - Bootstrapping Spring Data JPA repositories in DEFAULT mode.
2025-03-19 16:11:46 - Finished Spring Data repository scanning in 11 ms. Found 4 JPA repository interfaces.
2025-03-19 16:11:46 - Tomcat initialized with port 8080 (http)
2025-03-19 16:11:46 - Starting service [Tomcat]
2025-03-19 16:11:46 - Starting Servlet engine: [Apache Tomcat/10.1.36]
2025-03-19 16:11:46 - Initializing Spring embedded WebApplicationContext
2025-03-19 16:11:46 - Root WebApplicationContext: initialization completed in 222 ms
2025-03-19 16:11:46 - HikariPool-3 - Starting...
2025-03-19 16:11:46 - HikariPool-3 - Added connection conn20: url=jdbc:h2:mem:pypmdb user=ROOT
2025-03-19 16:11:46 - HikariPool-3 - Start completed.
2025-03-19 16:11:46 - HHH000204: Processing PersistenceUnitInfo [name: default]
2025-03-19 16:11:46 - HHH000026: Second-level cache disabled
2025-03-19 16:11:46 - No LoadTimeWeaver setup: ignoring JPA class transformer
2025-03-19 16:11:46 - HHH90000025: H2Dialect does not need to be specified explicitly using 'hibernate.dialect' (remove the property setting and it will be selected by default)
2025-03-19 16:11:46 - HHH10001005: Database info:
	Database JDBC URL [Connecting through datasource 'HikariDataSource (HikariPool-3)']
	Database driver: undefined/unknown
	Database version: 2.3.232
	Autocommit mode: undefined/unknown
	Isolation level: undefined/unknown
	Minimum pool size: undefined/unknown
	Maximum pool size: undefined/unknown
2025-03-19 16:11:46 - HHH000489: No JTA platform available (set 'hibernate.transaction.jta.platform' to enable JTA platform integration)
2025-03-19 16:11:46 - Initialized JPA EntityManagerFactory for persistence unit 'default'
2025-03-19 16:11:46 - spring.jpa.open-in-view is enabled by default. Therefore, database queries may be performed during view rendering. Explicitly configure spring.jpa.open-in-view to disable this warning
2025-03-19 16:11:46 - Global AuthenticationManager configured with UserDetailsService bean with name inMemoryUserDetailsManager
2025-03-19 16:11:46 - Adding welcome page template: index
2025-03-19 16:11:46 - H2 console available at '/h2-console'. Database available at 'jdbc:h2:mem:pypmdb'
2025-03-19 16:11:46 - LiveReload server is running on port 35729
2025-03-19 16:11:46 - Tomcat started on port 8080 (http) with context path '/'
2025-03-19 16:11:46 - Started PayYouPayMeApplication in 0.525 seconds (process running for 539.826)
2025-03-19 16:11:46 - Condition evaluation unchanged
2025-03-19 16:22:12 - Restarting due to 3 class path changes (1 addition, 2 deletions, 0 modifications)
2025-03-19 16:22:12 - Commencing graceful shutdown. Waiting for active requests to complete
2025-03-19 16:22:12 - Graceful shutdown complete
2025-03-19 16:22:12 - Closing JPA EntityManagerFactory for persistence unit 'default'
2025-03-19 16:22:12 - Invocation of destroy method failed on bean with name 'inMemoryDatabaseShutdownExecutor': org.h2.jdbc.JdbcSQLNonTransientConnectionException: La base de données est déjà fermée (pour désactiver la fermeture automatique à l'arrêt de la VM, ajoutez "; DB_CLOSE_ON_EXIT = FALSE" à l'URL db)
Database is already closed (to disable automatic closing at VM shutdown, add ";DB_CLOSE_ON_EXIT=FALSE" to the db URL) [90121-232]
2025-03-19 16:22:12 - HikariPool-3 - Shutdown initiated...
2025-03-19 16:22:12 - HikariPool-3 - Shutdown completed.
2025-03-19 16:22:12 - Starting PayYouPayMeApplication using Java 21.0.6 with PID 10048 (C:\Users\FORMATION\IdeaProjects\PayYouPayMe\target\classes started by FORMATION in C:\Users\FORMATION\IdeaProjects\PayYouPayMe)
2025-03-19 16:22:12 - Running with Spring Boot v3.4.3, Spring v6.2.3
2025-03-19 16:22:12 - No active profile set, falling back to 1 default profile: "default"
2025-03-19 16:22:12 - Bootstrapping Spring Data JPA repositories in DEFAULT mode.
2025-03-19 16:22:12 - Finished Spring Data repository scanning in 11 ms. Found 4 JPA repository interfaces.
2025-03-19 16:22:12 - Tomcat initialized with port 8080 (http)
2025-03-19 16:22:12 - Starting service [Tomcat]
2025-03-19 16:22:12 - Starting Servlet engine: [Apache Tomcat/10.1.36]
2025-03-19 16:22:12 - Initializing Spring embedded WebApplicationContext
2025-03-19 16:22:12 - Root WebApplicationContext: initialization completed in 238 ms
2025-03-19 16:22:12 - HikariPool-4 - Starting...
2025-03-19 16:22:12 - HikariPool-4 - Added connection conn30: url=jdbc:h2:mem:pypmdb user=ROOT
2025-03-19 16:22:12 - HikariPool-4 - Start completed.
2025-03-19 16:22:12 - HHH000204: Processing PersistenceUnitInfo [name: default]
2025-03-19 16:22:12 - HHH000026: Second-level cache disabled
2025-03-19 16:22:12 - No LoadTimeWeaver setup: ignoring JPA class transformer
2025-03-19 16:22:12 - HHH90000025: H2Dialect does not need to be specified explicitly using 'hibernate.dialect' (remove the property setting and it will be selected by default)
2025-03-19 16:22:12 - HHH10001005: Database info:
	Database JDBC URL [Connecting through datasource 'HikariDataSource (HikariPool-4)']
	Database driver: undefined/unknown
	Database version: 2.3.232
	Autocommit mode: undefined/unknown
	Isolation level: undefined/unknown
	Minimum pool size: undefined/unknown
	Maximum pool size: undefined/unknown
2025-03-19 16:22:13 - HHH000489: No JTA platform available (set 'hibernate.transaction.jta.platform' to enable JTA platform integration)
2025-03-19 16:22:13 - Initialized JPA EntityManagerFactory for persistence unit 'default'
2025-03-19 16:22:13 - Exception encountered during context initialization - cancelling refresh attempt: org.springframework.beans.factory.BeanCreationException: Error creating bean with name 'adminController': Resolution of declared constructors on bean Class [com.example.payyoupayme.controller.AdminController] from ClassLoader [org.springframework.boot.devtools.restart.classloader.RestartClassLoader@4638c74b] failed
2025-03-19 16:22:13 - Closing JPA EntityManagerFactory for persistence unit 'default'
2025-03-19 16:22:13 - Invocation of destroy method failed on bean with name 'inMemoryDatabaseShutdownExecutor': org.h2.jdbc.JdbcSQLNonTransientConnectionException: La base de données est déjà fermée (pour désactiver la fermeture automatique à l'arrêt de la VM, ajoutez "; DB_CLOSE_ON_EXIT = FALSE" à l'URL db)
Database is already closed (to disable automatic closing at VM shutdown, add ";DB_CLOSE_ON_EXIT=FALSE" to the db URL) [90121-232]
2025-03-19 16:22:13 - HikariPool-4 - Shutdown initiated...
2025-03-19 16:22:13 - HikariPool-4 - Shutdown completed.
2025-03-19 16:22:13 - Stopping service [Tomcat]
2025-03-19 16:22:13 - 

Error starting ApplicationContext. To display the condition evaluation report re-run your application with 'debug' enabled.
2025-03-19 16:22:13 - Application run failed
org.springframework.beans.factory.BeanCreationException: Error creating bean with name 'adminController': Resolution of declared constructors on bean Class [com.example.payyoupayme.controller.AdminController] from ClassLoader [org.springframework.boot.devtools.restart.classloader.RestartClassLoader@4638c74b] failed
	at org.springframework.beans.factory.annotation.AutowiredAnnotationBeanPostProcessor.determineCandidateConstructors(AutowiredAnnotationBeanPostProcessor.java:384)
	at org.springframework.beans.factory.support.AbstractAutowireCapableBeanFactory.determineConstructorsFromBeanPostProcessors(AbstractAutowireCapableBeanFactory.java:1320)
	at org.springframework.beans.factory.support.AbstractAutowireCapableBeanFactory.createBeanInstance(AbstractAutowireCapableBeanFactory.java:1215)
	at org.springframework.beans.factory.support.AbstractAutowireCapableBeanFactory.doCreateBean(AbstractAutowireCapableBeanFactory.java:563)
	at org.springframework.beans.factory.support.AbstractAutowireCapableBeanFactory.createBean(AbstractAutowireCapableBeanFactory.java:523)
	at org.springframework.beans.factory.support.AbstractBeanFactory.lambda$doGetBean$0(AbstractBeanFactory.java:339)
	at org.springframework.beans.factory.support.DefaultSingletonBeanRegistry.getSingleton(DefaultSingletonBeanRegistry.java:346)
	at org.springframework.beans.factory.support.AbstractBeanFactory.doGetBean(AbstractBeanFactory.java:337)
	at org.springframework.beans.factory.support.AbstractBeanFactory.getBean(AbstractBeanFactory.java:202)
	at org.springframework.beans.factory.support.DefaultListableBeanFactory.instantiateSingleton(DefaultListableBeanFactory.java:1155)
	at org.springframework.beans.factory.support.DefaultListableBeanFactory.preInstantiateSingleton(DefaultListableBeanFactory.java:1121)
	at org.springframework.beans.factory.support.DefaultListableBeanFactory.preInstantiateSingletons(DefaultListableBeanFactory.java:1056)
	at org.springframework.context.support.AbstractApplicationContext.finishBeanFactoryInitialization(AbstractApplicationContext.java:987)
	at org.springframework.context.support.AbstractApplicationContext.refresh(AbstractApplicationContext.java:627)
	at org.springframework.boot.web.servlet.context.ServletWebServerApplicationContext.refresh(ServletWebServerApplicationContext.java:146)
	at org.springframework.boot.SpringApplication.refresh(SpringApplication.java:752)
	at org.springframework.boot.SpringApplication.refreshContext(SpringApplication.java:439)
	at org.springframework.boot.SpringApplication.run(SpringApplication.java:318)
	at org.springframework.boot.SpringApplication.run(SpringApplication.java:1361)
	at org.springframework.boot.SpringApplication.run(SpringApplication.java:1350)
	at com.example.payyoupayme.PayYouPayMeApplication.main(PayYouPayMeApplication.java:10)
	at java.base/jdk.internal.reflect.DirectMethodHandleAccessor.invoke(DirectMethodHandleAccessor.java:103)
	at java.base/java.lang.reflect.Method.invoke(Method.java:580)
	at org.springframework.boot.devtools.restart.RestartLauncher.run(RestartLauncher.java:50)
Caused by: java.lang.NoClassDefFoundError: com/example/payyoupayme/service/MessageService
	at java.base/java.lang.Class.getDeclaredConstructors0(Native Method)
	at java.base/java.lang.Class.privateGetDeclaredConstructors(Class.java:3549)
	at java.base/java.lang.Class.getDeclaredConstructors(Class.java:2727)
	at org.springframework.beans.factory.annotation.AutowiredAnnotationBeanPostProcessor.determineCandidateConstructors(AutowiredAnnotationBeanPostProcessor.java:379)
	... 23 common frames omitted
Caused by: java.lang.ClassNotFoundException: com.example.payyoupayme.service.MessageService
	at java.base/jdk.internal.loader.BuiltinClassLoader.loadClass(BuiltinClassLoader.java:641)
	at java.base/jdk.internal.loader.ClassLoaders$AppClassLoader.loadClass(ClassLoaders.java:188)
	at java.base/java.lang.ClassLoader.loadClass(ClassLoader.java:526)
	at java.base/java.lang.Class.forName0(Native Method)
	at java.base/java.lang.Class.forName(Class.java:534)
	at java.base/java.lang.Class.forName(Class.java:513)
	at org.springframework.boot.devtools.restart.classloader.RestartClassLoader.loadClass(RestartClassLoader.java:121)
	at java.base/java.lang.ClassLoader.loadClass(ClassLoader.java:526)
	... 27 common frames omitted
2025-03-19 16:22:14 - Starting PayYouPayMeApplication using Java 21.0.6 with PID 10048 (C:\Users\FORMATION\IdeaProjects\PayYouPayMe\target\classes started by FORMATION in C:\Users\FORMATION\IdeaProjects\PayYouPayMe)
2025-03-19 16:22:14 - Running with Spring Boot v3.4.3, Spring v6.2.3
2025-03-19 16:22:14 - No active profile set, falling back to 1 default profile: "default"
2025-03-19 16:22:14 - Bootstrapping Spring Data JPA repositories in DEFAULT mode.
2025-03-19 16:22:14 - Finished Spring Data repository scanning in 11 ms. Found 4 JPA repository interfaces.
2025-03-19 16:22:14 - Tomcat initialized with port 8080 (http)
2025-03-19 16:22:14 - Starting service [Tomcat]
2025-03-19 16:22:14 - Starting Servlet engine: [Apache Tomcat/10.1.36]
2025-03-19 16:22:14 - Initializing Spring embedded WebApplicationContext
2025-03-19 16:22:14 - Root WebApplicationContext: initialization completed in 201 ms
2025-03-19 16:22:14 - HikariPool-5 - Starting...
2025-03-19 16:22:14 - HikariPool-5 - Added connection conn32: url=jdbc:h2:mem:pypmdb user=ROOT
2025-03-19 16:22:14 - HikariPool-5 - Start completed.
2025-03-19 16:22:14 - HHH000204: Processing PersistenceUnitInfo [name: default]
2025-03-19 16:22:14 - HHH000026: Second-level cache disabled
2025-03-19 16:22:14 - No LoadTimeWeaver setup: ignoring JPA class transformer
2025-03-19 16:22:14 - HHH90000025: H2Dialect does not need to be specified explicitly using 'hibernate.dialect' (remove the property setting and it will be selected by default)
2025-03-19 16:22:14 - HHH10001005: Database info:
	Database JDBC URL [Connecting through datasource 'HikariDataSource (HikariPool-5)']
	Database driver: undefined/unknown
	Database version: 2.3.232
	Autocommit mode: undefined/unknown
	Isolation level: undefined/unknown
	Minimum pool size: undefined/unknown
	Maximum pool size: undefined/unknown
2025-03-19 16:22:14 - HHH000489: No JTA platform available (set 'hibernate.transaction.jta.platform' to enable JTA platform integration)
2025-03-19 16:22:14 - Initialized JPA EntityManagerFactory for persistence unit 'default'
2025-03-19 16:22:14 - spring.jpa.open-in-view is enabled by default. Therefore, database queries may be performed during view rendering. Explicitly configure spring.jpa.open-in-view to disable this warning
2025-03-19 16:22:14 - Global AuthenticationManager configured with UserDetailsService bean with name inMemoryUserDetailsManager
2025-03-19 16:22:14 - Adding welcome page template: index
2025-03-19 16:22:15 - H2 console available at '/h2-console'. Database available at 'jdbc:h2:mem:pypmdb'
2025-03-19 16:22:15 - LiveReload server is running on port 35729
2025-03-19 16:22:15 - Tomcat started on port 8080 (http) with context path '/'
2025-03-19 16:22:15 - Started PayYouPayMeApplication in 0.518 seconds (process running for 1168.297)
2025-03-19 16:22:15 - Condition evaluation unchanged
2025-03-19 16:23:09 - Restarting due to 3 class path changes (0 additions, 1 deletion, 2 modifications)
2025-03-19 16:23:09 - Commencing graceful shutdown. Waiting for active requests to complete
2025-03-19 16:23:09 - Graceful shutdown complete
2025-03-19 16:23:09 - Closing JPA EntityManagerFactory for persistence unit 'default'
2025-03-19 16:23:09 - Invocation of destroy method failed on bean with name 'inMemoryDatabaseShutdownExecutor': org.h2.jdbc.JdbcSQLNonTransientConnectionException: La base de données est déjà fermée (pour désactiver la fermeture automatique à l'arrêt de la VM, ajoutez "; DB_CLOSE_ON_EXIT = FALSE" à l'URL db)
Database is already closed (to disable automatic closing at VM shutdown, add ";DB_CLOSE_ON_EXIT=FALSE" to the db URL) [90121-232]
2025-03-19 16:23:09 - HikariPool-5 - Shutdown initiated...
2025-03-19 16:23:09 - HikariPool-5 - Shutdown completed.
2025-03-19 16:23:09 - Starting PayYouPayMeApplication using Java 21.0.6 with PID 10048 (C:\Users\FORMATION\IdeaProjects\PayYouPayMe\target\classes started by FORMATION in C:\Users\FORMATION\IdeaProjects\PayYouPayMe)
2025-03-19 16:23:09 - Running with Spring Boot v3.4.3, Spring v6.2.3
2025-03-19 16:23:09 - No active profile set, falling back to 1 default profile: "default"
2025-03-19 16:23:09 - Bootstrapping Spring Data JPA repositories in DEFAULT mode.
2025-03-19 16:23:09 - Finished Spring Data repository scanning in 9 ms. Found 4 JPA repository interfaces.
2025-03-19 16:23:10 - Tomcat initialized with port 8080 (http)
2025-03-19 16:23:10 - Starting service [Tomcat]
2025-03-19 16:23:10 - Starting Servlet engine: [Apache Tomcat/10.1.36]
2025-03-19 16:23:10 - Initializing Spring embedded WebApplicationContext
2025-03-19 16:23:10 - Root WebApplicationContext: initialization completed in 215 ms
2025-03-19 16:23:10 - HikariPool-6 - Starting...
2025-03-19 16:23:10 - HikariPool-6 - Added connection conn42: url=jdbc:h2:mem:pypmdb user=ROOT
2025-03-19 16:23:10 - HikariPool-6 - Start completed.
2025-03-19 16:23:10 - HHH000204: Processing PersistenceUnitInfo [name: default]
2025-03-19 16:23:10 - HHH000026: Second-level cache disabled
2025-03-19 16:23:10 - No LoadTimeWeaver setup: ignoring JPA class transformer
2025-03-19 16:23:10 - HHH90000025: H2Dialect does not need to be specified explicitly using 'hibernate.dialect' (remove the property setting and it will be selected by default)
2025-03-19 16:23:10 - HHH10001005: Database info:
	Database JDBC URL [Connecting through datasource 'HikariDataSource (HikariPool-6)']
	Database driver: undefined/unknown
	Database version: 2.3.232
	Autocommit mode: undefined/unknown
	Isolation level: undefined/unknown
	Minimum pool size: undefined/unknown
	Maximum pool size: undefined/unknown
2025-03-19 16:23:10 - HHH000489: No JTA platform available (set 'hibernate.transaction.jta.platform' to enable JTA platform integration)
2025-03-19 16:23:10 - Initialized JPA EntityManagerFactory for persistence unit 'default'
2025-03-19 16:23:10 - spring.jpa.open-in-view is enabled by default. Therefore, database queries may be performed during view rendering. Explicitly configure spring.jpa.open-in-view to disable this warning
2025-03-19 16:23:10 - Global AuthenticationManager configured with UserDetailsService bean with name inMemoryUserDetailsManager
2025-03-19 16:23:10 - Adding welcome page template: index
2025-03-19 16:23:10 - H2 console available at '/h2-console'. Database available at 'jdbc:h2:mem:pypmdb'
2025-03-19 16:23:10 - LiveReload server is running on port 35729
2025-03-19 16:23:10 - Tomcat started on port 8080 (http) with context path '/'
2025-03-19 16:23:10 - Started PayYouPayMeApplication in 0.507 seconds (process running for 1223.551)
2025-03-19 16:23:10 - Condition evaluation unchanged
2025-03-19 16:23:11 - Restarting due to 1 class path change (1 addition, 0 deletions, 0 modifications)
2025-03-19 16:23:11 - Commencing graceful shutdown. Waiting for active requests to complete
2025-03-19 16:23:11 - Graceful shutdown complete
2025-03-19 16:23:11 - Closing JPA EntityManagerFactory for persistence unit 'default'
2025-03-19 16:23:11 - Invocation of destroy method failed on bean with name 'inMemoryDatabaseShutdownExecutor': org.h2.jdbc.JdbcSQLNonTransientConnectionException: La base de données est déjà fermée (pour désactiver la fermeture automatique à l'arrêt de la VM, ajoutez "; DB_CLOSE_ON_EXIT = FALSE" à l'URL db)
Database is already closed (to disable automatic closing at VM shutdown, add ";DB_CLOSE_ON_EXIT=FALSE" to the db URL) [90121-232]
2025-03-19 16:23:11 - HikariPool-6 - Shutdown initiated...
2025-03-19 16:23:11 - HikariPool-6 - Shutdown completed.
2025-03-19 16:23:11 - Starting PayYouPayMeApplication using Java 21.0.6 with PID 10048 (C:\Users\FORMATION\IdeaProjects\PayYouPayMe\target\classes started by FORMATION in C:\Users\FORMATION\IdeaProjects\PayYouPayMe)
2025-03-19 16:23:11 - Running with Spring Boot v3.4.3, Spring v6.2.3
2025-03-19 16:23:11 - No active profile set, falling back to 1 default profile: "default"
2025-03-19 16:23:11 - Bootstrapping Spring Data JPA repositories in DEFAULT mode.
2025-03-19 16:23:11 - Finished Spring Data repository scanning in 7 ms. Found 4 JPA repository interfaces.
2025-03-19 16:23:12 - Tomcat initialized with port 8080 (http)
2025-03-19 16:23:12 - Starting service [Tomcat]
2025-03-19 16:23:12 - Starting Servlet engine: [Apache Tomcat/10.1.36]
2025-03-19 16:23:12 - Initializing Spring embedded WebApplicationContext
2025-03-19 16:23:12 - Root WebApplicationContext: initialization completed in 200 ms
2025-03-19 16:23:12 - HikariPool-7 - Starting...
2025-03-19 16:23:12 - HikariPool-7 - Added connection conn52: url=jdbc:h2:mem:pypmdb user=ROOT
2025-03-19 16:23:12 - HikariPool-7 - Start completed.
2025-03-19 16:23:12 - HHH000204: Processing PersistenceUnitInfo [name: default]
2025-03-19 16:23:12 - HHH000026: Second-level cache disabled
2025-03-19 16:23:12 - No LoadTimeWeaver setup: ignoring JPA class transformer
2025-03-19 16:23:12 - HHH90000025: H2Dialect does not need to be specified explicitly using 'hibernate.dialect' (remove the property setting and it will be selected by default)
2025-03-19 16:23:12 - HHH10001005: Database info:
	Database JDBC URL [Connecting through datasource 'HikariDataSource (HikariPool-7)']
	Database driver: undefined/unknown
	Database version: 2.3.232
	Autocommit mode: undefined/unknown
	Isolation level: undefined/unknown
	Minimum pool size: undefined/unknown
	Maximum pool size: undefined/unknown
2025-03-19 16:23:12 - HHH000489: No JTA platform available (set 'hibernate.transaction.jta.platform' to enable JTA platform integration)
2025-03-19 16:23:12 - Initialized JPA EntityManagerFactory for persistence unit 'default'
2025-03-19 16:23:12 - spring.jpa.open-in-view is enabled by default. Therefore, database queries may be performed during view rendering. Explicitly configure spring.jpa.open-in-view to disable this warning
2025-03-19 16:23:12 - Global AuthenticationManager configured with UserDetailsService bean with name inMemoryUserDetailsManager
2025-03-19 16:23:12 - Adding welcome page template: index
2025-03-19 16:23:12 - H2 console available at '/h2-console'. Database available at 'jdbc:h2:mem:pypmdb'
2025-03-19 16:23:12 - LiveReload server is running on port 35729
2025-03-19 16:23:12 - Tomcat started on port 8080 (http) with context path '/'
2025-03-19 16:23:12 - Started PayYouPayMeApplication in 0.46 seconds (process running for 1225.474)
2025-03-19 16:23:12 - Condition evaluation unchanged
2025-03-19 16:23:19 - Initializing Spring DispatcherServlet 'dispatcherServlet'
2025-03-19 16:23:19 - Initializing Servlet 'dispatcherServlet'
2025-03-19 16:23:19 - Completed initialization in 0 ms
2025-03-19 16:23:27 - [THYMELEAF][http-nio-8080-exec-5][index] Deprecated unwrapped fragment expression "fragments/head :: head" found in template index, line 3, col 7. Please use the complete syntax of fragment expressions instead ("~{fragments/head :: head}"). The old, unwrapped syntax for fragment expressions will be removed in future versions of Thymeleaf.
2025-03-19 16:23:27 - [THYMELEAF][http-nio-8080-exec-5][index] Deprecated unwrapped fragment expression "fragments/menu :: header" found in template index, line 8, col 11. Please use the complete syntax of fragment expressions instead ("~{fragments/menu :: header}"). The old, unwrapped syntax for fragment expressions will be removed in future versions of Thymeleaf.
2025-03-19 16:23:31 - [THYMELEAF][http-nio-8080-exec-7][message] Deprecated unwrapped fragment expression "fragments/head :: head" found in template message, line 3, col 7. Please use the complete syntax of fragment expressions instead ("~{fragments/head :: head}"). The old, unwrapped syntax for fragment expressions will be removed in future versions of Thymeleaf.
2025-03-19 16:23:31 - [THYMELEAF][http-nio-8080-exec-7][message] Deprecated unwrapped fragment expression "fragments/menu :: header" found in template message, line 8, col 11. Please use the complete syntax of fragment expressions instead ("~{fragments/menu :: header}"). The old, unwrapped syntax for fragment expressions will be removed in future versions of Thymeleaf.
2025-03-19 16:23:45 - [THYMELEAF][http-nio-8080-exec-9][message] Deprecated unwrapped fragment expression "fragments/head :: head" found in template message, line 3, col 7. Please use the complete syntax of fragment expressions instead ("~{fragments/head :: head}"). The old, unwrapped syntax for fragment expressions will be removed in future versions of Thymeleaf.
2025-03-19 16:23:45 - [THYMELEAF][http-nio-8080-exec-9][message] Deprecated unwrapped fragment expression "fragments/menu :: header" found in template message, line 8, col 11. Please use the complete syntax of fragment expressions instead ("~{fragments/menu :: header}"). The old, unwrapped syntax for fragment expressions will be removed in future versions of Thymeleaf.
2025-03-19 16:23:50 - [THYMELEAF][http-nio-8080-exec-1][message] Deprecated unwrapped fragment expression "fragments/head :: head" found in template message, line 3, col 7. Please use the complete syntax of fragment expressions instead ("~{fragments/head :: head}"). The old, unwrapped syntax for fragment expressions will be removed in future versions of Thymeleaf.
2025-03-19 16:23:50 - [THYMELEAF][http-nio-8080-exec-1][message] Deprecated unwrapped fragment expression "fragments/menu :: header" found in template message, line 8, col 11. Please use the complete syntax of fragment expressions instead ("~{fragments/menu :: header}"). The old, unwrapped syntax for fragment expressions will be removed in future versions of Thymeleaf.
2025-03-19 16:25:19 - [THYMELEAF][http-nio-8080-exec-5][message] Deprecated unwrapped fragment expression "fragments/head :: head" found in template message, line 3, col 7. Please use the complete syntax of fragment expressions instead ("~{fragments/head :: head}"). The old, unwrapped syntax for fragment expressions will be removed in future versions of Thymeleaf.
2025-03-19 16:25:19 - [THYMELEAF][http-nio-8080-exec-5][message] Deprecated unwrapped fragment expression "fragments/menu :: header" found in template message, line 8, col 11. Please use the complete syntax of fragment expressions instead ("~{fragments/menu :: header}"). The old, unwrapped syntax for fragment expressions will be removed in future versions of Thymeleaf.
2025-03-19 16:26:11 - [THYMELEAF][http-nio-8080-exec-8][message] Deprecated unwrapped fragment expression "fragments/head :: head" found in template message, line 3, col 7. Please use the complete syntax of fragment expressions instead ("~{fragments/head :: head}"). The old, unwrapped syntax for fragment expressions will be removed in future versions of Thymeleaf.
2025-03-19 16:26:11 - [THYMELEAF][http-nio-8080-exec-8][message] Deprecated unwrapped fragment expression "fragments/menu :: header" found in template message, line 8, col 11. Please use the complete syntax of fragment expressions instead ("~{fragments/menu :: header}"). The old, unwrapped syntax for fragment expressions will be removed in future versions of Thymeleaf.
2025-03-19 16:26:37 - [THYMELEAF][http-nio-8080-exec-1][message] Deprecated unwrapped fragment expression "fragments/head :: head" found in template message, line 3, col 7. Please use the complete syntax of fragment expressions instead ("~{fragments/head :: head}"). The old, unwrapped syntax for fragment expressions will be removed in future versions of Thymeleaf.
2025-03-19 16:26:37 - [THYMELEAF][http-nio-8080-exec-1][message] Deprecated unwrapped fragment expression "fragments/menu :: header" found in template message, line 8, col 11. Please use the complete syntax of fragment expressions instead ("~{fragments/menu :: header}"). The old, unwrapped syntax for fragment expressions will be removed in future versions of Thymeleaf.
2025-03-19 16:26:48 - [THYMELEAF][http-nio-8080-exec-3][message] Deprecated unwrapped fragment expression "fragments/head :: head" found in template message, line 3, col 7. Please use the complete syntax of fragment expressions instead ("~{fragments/head :: head}"). The old, unwrapped syntax for fragment expressions will be removed in future versions of Thymeleaf.
2025-03-19 16:26:48 - [THYMELEAF][http-nio-8080-exec-3][message] Deprecated unwrapped fragment expression "fragments/menu :: header" found in template message, line 8, col 11. Please use the complete syntax of fragment expressions instead ("~{fragments/menu :: header}"). The old, unwrapped syntax for fragment expressions will be removed in future versions of Thymeleaf.
2025-03-19 16:26:54 - [THYMELEAF][http-nio-8080-exec-5][message] Deprecated unwrapped fragment expression "fragments/head :: head" found in template message, line 3, col 7. Please use the complete syntax of fragment expressions instead ("~{fragments/head :: head}"). The old, unwrapped syntax for fragment expressions will be removed in future versions of Thymeleaf.
2025-03-19 16:26:54 - [THYMELEAF][http-nio-8080-exec-5][message] Deprecated unwrapped fragment expression "fragments/menu :: header" found in template message, line 8, col 11. Please use the complete syntax of fragment expressions instead ("~{fragments/menu :: header}"). The old, unwrapped syntax for fragment expressions will be removed in future versions of Thymeleaf.
2025-03-19 16:26:57 - [THYMELEAF][http-nio-8080-exec-7][message] Deprecated unwrapped fragment expression "fragments/head :: head" found in template message, line 3, col 7. Please use the complete syntax of fragment expressions instead ("~{fragments/head :: head}"). The old, unwrapped syntax for fragment expressions will be removed in future versions of Thymeleaf.
2025-03-19 16:26:57 - [THYMELEAF][http-nio-8080-exec-7][message] Deprecated unwrapped fragment expression "fragments/menu :: header" found in template message, line 8, col 11. Please use the complete syntax of fragment expressions instead ("~{fragments/menu :: header}"). The old, unwrapped syntax for fragment expressions will be removed in future versions of Thymeleaf.
2025-03-19 21:00:26 - HikariPool-7 - Thread starvation or clock leap detected (housekeeper delta=4h25m40s600ms467µs400ns).
